<?xml version="1.0" encoding="UTF-8"?>
<!-- Generated by org.testng.reporters.JUnitXMLReporter -->
<testsuite ignored="0" hostname="RUDRAPRASAD" failures="0" tests="3" name="Default test" time="144.635" errors="0" timestamp="2023-10-18T11:25:28 IST">
  <testcase classname="testng.SmokeSuite" name="login" time="20.332"/>
  <testcase classname="testng.SmokeSuite" name="createProject" time="76.774"/>
  <testcase classname="testng.SmokeSuite" name="validateCosting" time="20.404"/>
</testsuite> <!-- Default test -->
